<?xml version="1.0" encoding="UTF-8"?>
<!-- Generated by org.testng.reporters.JUnitXMLReporter -->
<testsuite ignored="0" hostname="JefPc" failures="0" tests="34" name="Command line test" time="0.118" errors="0" timestamp="2023-06-02T00:15:26 BRT">
  <testcase classname="juntos.Calculadora3Test" name="testeMultiplicarCsv" time="0.024"/>
  <testcase classname="juntos.Calculadora3Test" name="testeMultiplicarCsv" time="0.0"/>
  <testcase classname="juntos.Calculadora3Test" name="testeMultiplicarCsv" time="0.0"/>
  <testcase classname="juntos.Calculadora3Test" name="testeMultiplicarCsv" time="0.0"/>
  <testcase classname="juntos.Calculadora3Test" name="testeMultiplicarCsv" time="0.0"/>
  <testcase classname="juntos.Calculadora3Test" name="testeMultiplicarCsv" time="0.0"/>
  <testcase classname="juntos.Calculadora3Test" name="testeMultiplicarCsv" time="0.0"/>
  <testcase classname="juntos.Calculadora3Test" name="testeMultiplicarCsv" time="0.0"/>
  <testcase classname="juntos.Calculadora3Test" name="testeMultiplicarCsv" time="0.0"/>
  <testcase classname="juntos.Calculadora3Test" name="testeMultiplicarCsv" time="0.0"/>
  <testcase classname="juntos.Calculadora3Test" name="testeMultiplicarCsv" time="0.0"/>
  <testcase classname="juntos.Calculadora3Test" name="testeMultiplicarCsv" time="0.0"/>
  <testcase classname="juntos.Calculadora3Test" name="testeMultiplicarCsv" time="0.0"/>
  <testcase classname="juntos.Calculadora3Test" name="testeMultiplicarCsv" time="0.0"/>
  <testcase classname="juntos.Calculadora3Test" name="testeMultiplicarCsv" time="0.0"/>
  <testcase classname="juntos.Calculadora3Test" name="testeMultiplicarCsv" time="0.0"/>
  <testcase classname="juntos.Calculadora3Test" name="testeMultiplicarCsv" time="0.0"/>
  <testcase classname="juntos.Calculadora3Test" name="testeMultiplicarCsv" time="0.0"/>
  <testcase classname="juntos.Calculadora3Test" name="testeMultiplicarJson" time="0.006"/>
  <testcase classname="juntos.Calculadora3Test" name="testeMultiplicarJson" time="0.0"/>
  <testcase classname="juntos.Calculadora3Test" name="testeMultiplicarJson" time="0.0"/>
  <testcase classname="juntos.Calculadora3Test" name="testeMultiplicarJson" time="0.0"/>
  <testcase classname="juntos.Calculadora3Test" name="testeMultiplicarJson" time="0.0"/>
  <testcase classname="juntos.Calculadora3Test" name="testeMultiplicarJson" time="0.0"/>
  <testcase classname="juntos.Calculadora3Test" name="testeMultiplicarJson" time="0.0"/>
  <testcase classname="juntos.Calculadora3Test" name="testeMultiplicarJson" time="0.0"/>
  <testcase classname="juntos.Calculadora3Test" name="testeMultiplicarJson" time="0.0"/>
  <testcase classname="juntos.Calculadora3Test" name="testeMultiplicarJson" time="0.0"/>
  <testcase classname="juntos.Calculadora3Test" name="testeMultiplicarJson" time="0.0"/>
  <testcase classname="juntos.Calculadora3Test" name="testeMultiplicarJson" time="0.0"/>
  <testcase classname="juntos.Calculadora3Test" name="testeMultiplicarJson" time="0.0"/>
  <testcase classname="juntos.Calculadora3Test" name="testeMultiplicarJson" time="0.0"/>
  <testcase classname="juntos.Calculadora3Test" name="testeMultiplicarJson" time="0.0"/>
  <testcase classname="juntos.Calculadora3Test" name="testeMultiplicarJson" time="0.0"/>
</testsuite> <!-- Command line test -->
