<?xml version="1.0" encoding="UTF-8"?>
<testng-results ignored="0" total="34" passed="34" failed="0" skipped="0">
  <reporter-output>
  </reporter-output>
  <suite started-at="2023-06-02T00:15:26 BRT" name="Command line suite" finished-at="2023-06-02T00:15:26 BRT" duration-ms="118">
    <groups>
    </groups>
    <test started-at="2023-06-02T00:15:26 BRT" name="Command line test" finished-at="2023-06-02T00:15:26 BRT" duration-ms="118">
      <class name="juntos.Calculadora3Test">
        <test-method signature="testeMultiplicarCsv(double,double,double)[pri:0, instance:juntos.Calculadora3Test@69379752]" started-at="2023-06-02T00:15:26 BRT" name="testeMultiplicarCsv" data-provider="csvData" finished-at="2023-06-02T00:15:26 BRT" duration-ms="24" status="PASS">
          <params>
            <param index="0">
              <value>
                <![CDATA[5.0]]>
              </value>
            </param>
            <param index="1">
              <value>
                <![CDATA[3.0]]>
              </value>
            </param>
            <param index="2">
              <value>
                <![CDATA[15.0]]>
              </value>
            </param>
          </params>
          <reporter-output>
          </reporter-output>
        </test-method> <!-- testeMultiplicarCsv -->
        <test-method signature="testeMultiplicarCsv(double,double,double)[pri:0, instance:juntos.Calculadora3Test@69379752]" started-at="2023-06-02T00:15:26 BRT" name="testeMultiplicarCsv" data-provider="csvData" finished-at="2023-06-02T00:15:26 BRT" duration-ms="0" status="PASS">
          <params>
            <param index="0">
              <value>
                <![CDATA[3.0]]>
              </value>
            </param>
            <param index="1">
              <value>
                <![CDATA[5.0]]>
              </value>
            </param>
            <param index="2">
              <value>
                <![CDATA[15.0]]>
              </value>
            </param>
          </params>
          <reporter-output>
          </reporter-output>
        </test-method> <!-- testeMultiplicarCsv -->
        <test-method signature="testeMultiplicarCsv(double,double,double)[pri:0, instance:juntos.Calculadora3Test@69379752]" started-at="2023-06-02T00:15:26 BRT" name="testeMultiplicarCsv" data-provider="csvData" finished-at="2023-06-02T00:15:26 BRT" duration-ms="0" status="PASS">
          <params>
            <param index="0">
              <value>
                <![CDATA[14.0]]>
              </value>
            </param>
            <param index="1">
              <value>
                <![CDATA[14.0]]>
              </value>
            </param>
            <param index="2">
              <value>
                <![CDATA[196.0]]>
              </value>
            </param>
          </params>
          <reporter-output>
          </reporter-output>
        </test-method> <!-- testeMultiplicarCsv -->
        <test-method signature="testeMultiplicarCsv(double,double,double)[pri:0, instance:juntos.Calculadora3Test@69379752]" started-at="2023-06-02T00:15:26 BRT" name="testeMultiplicarCsv" data-provider="csvData" finished-at="2023-06-02T00:15:26 BRT" duration-ms="0" status="PASS">
          <params>
            <param index="0">
              <value>
                <![CDATA[2.0]]>
              </value>
            </param>
            <param index="1">
              <value>
                <![CDATA[3.0]]>
              </value>
            </param>
            <param index="2">
              <value>
                <![CDATA[6.0]]>
              </value>
            </param>
          </params>
          <reporter-output>
          </reporter-output>
        </test-method> <!-- testeMultiplicarCsv -->
        <test-method signature="testeMultiplicarCsv(double,double,double)[pri:0, instance:juntos.Calculadora3Test@69379752]" started-at="2023-06-02T00:15:26 BRT" name="testeMultiplicarCsv" data-provider="csvData" finished-at="2023-06-02T00:15:26 BRT" duration-ms="0" status="PASS">
          <params>
            <param index="0">
              <value>
                <![CDATA[5.0]]>
              </value>
            </param>
            <param index="1">
              <value>
                <![CDATA[5.0]]>
              </value>
            </param>
            <param index="2">
              <value>
                <![CDATA[25.0]]>
              </value>
            </param>
          </params>
          <reporter-output>
          </reporter-output>
        </test-method> <!-- testeMultiplicarCsv -->
        <test-method signature="testeMultiplicarCsv(double,double,double)[pri:0, instance:juntos.Calculadora3Test@69379752]" started-at="2023-06-02T00:15:26 BRT" name="testeMultiplicarCsv" data-provider="csvData" finished-at="2023-06-02T00:15:26 BRT" duration-ms="0" status="PASS">
          <params>
            <param index="0">
              <value>
                <![CDATA[13.0]]>
              </value>
            </param>
            <param index="1">
              <value>
                <![CDATA[13.0]]>
              </value>
            </param>
            <param index="2">
              <value>
                <![CDATA[169.0]]>
              </value>
            </param>
          </params>
          <reporter-output>
          </reporter-output>
        </test-method> <!-- testeMultiplicarCsv -->
        <test-method signature="testeMultiplicarCsv(double,double,double)[pri:0, instance:juntos.Calculadora3Test@69379752]" started-at="2023-06-02T00:15:26 BRT" name="testeMultiplicarCsv" data-provider="csvData" finished-at="2023-06-02T00:15:26 BRT" duration-ms="0" status="PASS">
          <params>
            <param index="0">
              <value>
                <![CDATA[11.0]]>
              </value>
            </param>
            <param index="1">
              <value>
                <![CDATA[11.0]]>
              </value>
            </param>
            <param index="2">
              <value>
                <![CDATA[121.0]]>
              </value>
            </param>
          </params>
          <reporter-output>
          </reporter-output>
        </test-method> <!-- testeMultiplicarCsv -->
        <test-method signature="testeMultiplicarCsv(double,double,double)[pri:0, instance:juntos.Calculadora3Test@69379752]" started-at="2023-06-02T00:15:26 BRT" name="testeMultiplicarCsv" data-provider="csvData" finished-at="2023-06-02T00:15:26 BRT" duration-ms="0" status="PASS">
          <params>
            <param index="0">
              <value>
                <![CDATA[10.0]]>
              </value>
            </param>
            <param index="1">
              <value>
                <![CDATA[10.0]]>
              </value>
            </param>
            <param index="2">
              <value>
                <![CDATA[100.0]]>
              </value>
            </param>
          </params>
          <reporter-output>
          </reporter-output>
        </test-method> <!-- testeMultiplicarCsv -->
        <test-method signature="testeMultiplicarCsv(double,double,double)[pri:0, instance:juntos.Calculadora3Test@69379752]" started-at="2023-06-02T00:15:26 BRT" name="testeMultiplicarCsv" data-provider="csvData" finished-at="2023-06-02T00:15:26 BRT" duration-ms="0" status="PASS">
          <params>
            <param index="0">
              <value>
                <![CDATA[12.0]]>
              </value>
            </param>
            <param index="1">
              <value>
                <![CDATA[12.0]]>
              </value>
            </param>
            <param index="2">
              <value>
                <![CDATA[144.0]]>
              </value>
            </param>
          </params>
          <reporter-output>
          </reporter-output>
        </test-method> <!-- testeMultiplicarCsv -->
        <test-method signature="testeMultiplicarCsv(double,double,double)[pri:0, instance:juntos.Calculadora3Test@69379752]" started-at="2023-06-02T00:15:26 BRT" name="testeMultiplicarCsv" data-provider="csvData" finished-at="2023-06-02T00:15:26 BRT" duration-ms="0" status="PASS">
          <params>
            <param index="0">
              <value>
                <![CDATA[9.0]]>
              </value>
            </param>
            <param index="1">
              <value>
                <![CDATA[9.0]]>
              </value>
            </param>
            <param index="2">
              <value>
                <![CDATA[81.0]]>
              </value>
            </param>
          </params>
          <reporter-output>
          </reporter-output>
        </test-method> <!-- testeMultiplicarCsv -->
        <test-method signature="testeMultiplicarCsv(double,double,double)[pri:0, instance:juntos.Calculadora3Test@69379752]" started-at="2023-06-02T00:15:26 BRT" name="testeMultiplicarCsv" data-provider="csvData" finished-at="2023-06-02T00:15:26 BRT" duration-ms="0" status="PASS">
          <params>
            <param index="0">
              <value>
                <![CDATA[4.0]]>
              </value>
            </param>
            <param index="1">
              <value>
                <![CDATA[4.0]]>
              </value>
            </param>
            <param index="2">
              <value>
                <![CDATA[16.0]]>
              </value>
            </param>
          </params>
          <reporter-output>
          </reporter-output>
        </test-method> <!-- testeMultiplicarCsv -->
        <test-method signature="testeMultiplicarCsv(double,double,double)[pri:0, instance:juntos.Calculadora3Test@69379752]" started-at="2023-06-02T00:15:26 BRT" name="testeMultiplicarCsv" data-provider="csvData" finished-at="2023-06-02T00:15:26 BRT" duration-ms="0" status="PASS">
          <params>
            <param index="0">
              <value>
                <![CDATA[3.0]]>
              </value>
            </param>
            <param index="1">
              <value>
                <![CDATA[3.0]]>
              </value>
            </param>
            <param index="2">
              <value>
                <![CDATA[9.0]]>
              </value>
            </param>
          </params>
          <reporter-output>
          </reporter-output>
        </test-method> <!-- testeMultiplicarCsv -->
        <test-method signature="testeMultiplicarCsv(double,double,double)[pri:0, instance:juntos.Calculadora3Test@69379752]" started-at="2023-06-02T00:15:26 BRT" name="testeMultiplicarCsv" data-provider="csvData" finished-at="2023-06-02T00:15:26 BRT" duration-ms="0" status="PASS">
          <params>
            <param index="0">
              <value>
                <![CDATA[8.0]]>
              </value>
            </param>
            <param index="1">
              <value>
                <![CDATA[8.0]]>
              </value>
            </param>
            <param index="2">
              <value>
                <![CDATA[64.0]]>
              </value>
            </param>
          </params>
          <reporter-output>
          </reporter-output>
        </test-method> <!-- testeMultiplicarCsv -->
        <test-method signature="testeMultiplicarCsv(double,double,double)[pri:0, instance:juntos.Calculadora3Test@69379752]" started-at="2023-06-02T00:15:26 BRT" name="testeMultiplicarCsv" data-provider="csvData" finished-at="2023-06-02T00:15:26 BRT" duration-ms="0" status="PASS">
          <params>
            <param index="0">
              <value>
                <![CDATA[15.0]]>
              </value>
            </param>
            <param index="1">
              <value>
                <![CDATA[15.0]]>
              </value>
            </param>
            <param index="2">
              <value>
                <![CDATA[225.0]]>
              </value>
            </param>
          </params>
          <reporter-output>
          </reporter-output>
        </test-method> <!-- testeMultiplicarCsv -->
        <test-method signature="testeMultiplicarCsv(double,double,double)[pri:0, instance:juntos.Calculadora3Test@69379752]" started-at="2023-06-02T00:15:26 BRT" name="testeMultiplicarCsv" data-provider="csvData" finished-at="2023-06-02T00:15:26 BRT" duration-ms="0" status="PASS">
          <params>
            <param index="0">
              <value>
                <![CDATA[16.0]]>
              </value>
            </param>
            <param index="1">
              <value>
                <![CDATA[16.0]]>
              </value>
            </param>
            <param index="2">
              <value>
                <![CDATA[256.0]]>
              </value>
            </param>
          </params>
          <reporter-output>
          </reporter-output>
        </test-method> <!-- testeMultiplicarCsv -->
        <test-method signature="testeMultiplicarCsv(double,double,double)[pri:0, instance:juntos.Calculadora3Test@69379752]" started-at="2023-06-02T00:15:26 BRT" name="testeMultiplicarCsv" data-provider="csvData" finished-at="2023-06-02T00:15:26 BRT" duration-ms="0" status="PASS">
          <params>
            <param index="0">
              <value>
                <![CDATA[7.0]]>
              </value>
            </param>
            <param index="1">
              <value>
                <![CDATA[7.0]]>
              </value>
            </param>
            <param index="2">
              <value>
                <![CDATA[49.0]]>
              </value>
            </param>
          </params>
          <reporter-output>
          </reporter-output>
        </test-method> <!-- testeMultiplicarCsv -->
        <test-method signature="testeMultiplicarCsv(double,double,double)[pri:0, instance:juntos.Calculadora3Test@69379752]" started-at="2023-06-02T00:15:26 BRT" name="testeMultiplicarCsv" data-provider="csvData" finished-at="2023-06-02T00:15:26 BRT" duration-ms="0" status="PASS">
          <params>
            <param index="0">
              <value>
                <![CDATA[0.0]]>
              </value>
            </param>
            <param index="1">
              <value>
                <![CDATA[10.0]]>
              </value>
            </param>
            <param index="2">
              <value>
                <![CDATA[0.0]]>
              </value>
            </param>
          </params>
          <reporter-output>
          </reporter-output>
        </test-method> <!-- testeMultiplicarCsv -->
        <test-method signature="testeMultiplicarCsv(double,double,double)[pri:0, instance:juntos.Calculadora3Test@69379752]" started-at="2023-06-02T00:15:26 BRT" name="testeMultiplicarCsv" data-provider="csvData" finished-at="2023-06-02T00:15:26 BRT" duration-ms="0" status="PASS">
          <params>
            <param index="0">
              <value>
                <![CDATA[6.0]]>
              </value>
            </param>
            <param index="1">
              <value>
                <![CDATA[6.0]]>
              </value>
            </param>
            <param index="2">
              <value>
                <![CDATA[36.0]]>
              </value>
            </param>
          </params>
          <reporter-output>
          </reporter-output>
        </test-method> <!-- testeMultiplicarCsv -->
        <test-method signature="testeMultiplicarJson(double,double,double)[pri:0, instance:juntos.Calculadora3Test@69379752]" started-at="2023-06-02T00:15:26 BRT" name="testeMultiplicarJson" data-provider="jsonData" finished-at="2023-06-02T00:15:26 BRT" duration-ms="6" status="PASS">
          <params>
            <param index="0">
              <value>
                <![CDATA[5.0]]>
              </value>
            </param>
            <param index="1">
              <value>
                <![CDATA[3.0]]>
              </value>
            </param>
            <param index="2">
              <value>
                <![CDATA[15.0]]>
              </value>
            </param>
          </params>
          <reporter-output>
          </reporter-output>
        </test-method> <!-- testeMultiplicarJson -->
        <test-method signature="testeMultiplicarJson(double,double,double)[pri:0, instance:juntos.Calculadora3Test@69379752]" started-at="2023-06-02T00:15:26 BRT" name="testeMultiplicarJson" data-provider="jsonData" finished-at="2023-06-02T00:15:26 BRT" duration-ms="0" status="PASS">
          <params>
            <param index="0">
              <value>
                <![CDATA[2.0]]>
              </value>
            </param>
            <param index="1">
              <value>
                <![CDATA[2.0]]>
              </value>
            </param>
            <param index="2">
              <value>
                <![CDATA[4.0]]>
              </value>
            </param>
          </params>
          <reporter-output>
          </reporter-output>
        </test-method> <!-- testeMultiplicarJson -->
        <test-method signature="testeMultiplicarJson(double,double,double)[pri:0, instance:juntos.Calculadora3Test@69379752]" started-at="2023-06-02T00:15:26 BRT" name="testeMultiplicarJson" data-provider="jsonData" finished-at="2023-06-02T00:15:26 BRT" duration-ms="0" status="PASS">
          <params>
            <param index="0">
              <value>
                <![CDATA[8.0]]>
              </value>
            </param>
            <param index="1">
              <value>
                <![CDATA[8.0]]>
              </value>
            </param>
            <param index="2">
              <value>
                <![CDATA[64.0]]>
              </value>
            </param>
          </params>
          <reporter-output>
          </reporter-output>
        </test-method> <!-- testeMultiplicarJson -->
        <test-method signature="testeMultiplicarJson(double,double,double)[pri:0, instance:juntos.Calculadora3Test@69379752]" started-at="2023-06-02T00:15:26 BRT" name="testeMultiplicarJson" data-provider="jsonData" finished-at="2023-06-02T00:15:26 BRT" duration-ms="0" status="PASS">
          <params>
            <param index="0">
              <value>
                <![CDATA[10.0]]>
              </value>
            </param>
            <param index="1">
              <value>
                <![CDATA[10.0]]>
              </value>
            </param>
            <param index="2">
              <value>
                <![CDATA[100.0]]>
              </value>
            </param>
          </params>
          <reporter-output>
          </reporter-output>
        </test-method> <!-- testeMultiplicarJson -->
        <test-method signature="testeMultiplicarJson(double,double,double)[pri:0, instance:juntos.Calculadora3Test@69379752]" started-at="2023-06-02T00:15:26 BRT" name="testeMultiplicarJson" data-provider="jsonData" finished-at="2023-06-02T00:15:26 BRT" duration-ms="0" status="PASS">
          <params>
            <param index="0">
              <value>
                <![CDATA[0.0]]>
              </value>
            </param>
            <param index="1">
              <value>
                <![CDATA[10.0]]>
              </value>
            </param>
            <param index="2">
              <value>
                <![CDATA[0.0]]>
              </value>
            </param>
          </params>
          <reporter-output>
          </reporter-output>
        </test-method> <!-- testeMultiplicarJson -->
        <test-method signature="testeMultiplicarJson(double,double,double)[pri:0, instance:juntos.Calculadora3Test@69379752]" started-at="2023-06-02T00:15:26 BRT" name="testeMultiplicarJson" data-provider="jsonData" finished-at="2023-06-02T00:15:26 BRT" duration-ms="0" status="PASS">
          <params>
            <param index="0">
              <value>
                <![CDATA[6.0]]>
              </value>
            </param>
            <param index="1">
              <value>
                <![CDATA[7.0]]>
              </value>
            </param>
            <param index="2">
              <value>
                <![CDATA[42.0]]>
              </value>
            </param>
          </params>
          <reporter-output>
          </reporter-output>
        </test-method> <!-- testeMultiplicarJson -->
        <test-method signature="testeMultiplicarJson(double,double,double)[pri:0, instance:juntos.Calculadora3Test@69379752]" started-at="2023-06-02T00:15:26 BRT" name="testeMultiplicarJson" data-provider="jsonData" finished-at="2023-06-02T00:15:26 BRT" duration-ms="0" status="PASS">
          <params>
            <param index="0">
              <value>
                <![CDATA[3.0]]>
              </value>
            </param>
            <param index="1">
              <value>
                <![CDATA[3.0]]>
              </value>
            </param>
            <param index="2">
              <value>
                <![CDATA[9.0]]>
              </value>
            </param>
          </params>
          <reporter-output>
          </reporter-output>
        </test-method> <!-- testeMultiplicarJson -->
        <test-method signature="testeMultiplicarJson(double,double,double)[pri:0, instance:juntos.Calculadora3Test@69379752]" started-at="2023-06-02T00:15:26 BRT" name="testeMultiplicarJson" data-provider="jsonData" finished-at="2023-06-02T00:15:26 BRT" duration-ms="0" status="PASS">
          <params>
            <param index="0">
              <value>
                <![CDATA[1.0]]>
              </value>
            </param>
            <param index="1">
              <value>
                <![CDATA[1.0]]>
              </value>
            </param>
            <param index="2">
              <value>
                <![CDATA[1.0]]>
              </value>
            </param>
          </params>
          <reporter-output>
          </reporter-output>
        </test-method> <!-- testeMultiplicarJson -->
        <test-method signature="testeMultiplicarJson(double,double,double)[pri:0, instance:juntos.Calculadora3Test@69379752]" started-at="2023-06-02T00:15:26 BRT" name="testeMultiplicarJson" data-provider="jsonData" finished-at="2023-06-02T00:15:26 BRT" duration-ms="0" status="PASS">
          <params>
            <param index="0">
              <value>
                <![CDATA[5.0]]>
              </value>
            </param>
            <param index="1">
              <value>
                <![CDATA[-5.0]]>
              </value>
            </param>
            <param index="2">
              <value>
                <![CDATA[-25.0]]>
              </value>
            </param>
          </params>
          <reporter-output>
          </reporter-output>
        </test-method> <!-- testeMultiplicarJson -->
        <test-method signature="testeMultiplicarJson(double,double,double)[pri:0, instance:juntos.Calculadora3Test@69379752]" started-at="2023-06-02T00:15:26 BRT" name="testeMultiplicarJson" data-provider="jsonData" finished-at="2023-06-02T00:15:26 BRT" duration-ms="0" status="PASS">
          <params>
            <param index="0">
              <value>
                <![CDATA[2.0]]>
              </value>
            </param>
            <param index="1">
              <value>
                <![CDATA[4.0]]>
              </value>
            </param>
            <param index="2">
              <value>
                <![CDATA[8.0]]>
              </value>
            </param>
          </params>
          <reporter-output>
          </reporter-output>
        </test-method> <!-- testeMultiplicarJson -->
        <test-method signature="testeMultiplicarJson(double,double,double)[pri:0, instance:juntos.Calculadora3Test@69379752]" started-at="2023-06-02T00:15:26 BRT" name="testeMultiplicarJson" data-provider="jsonData" finished-at="2023-06-02T00:15:26 BRT" duration-ms="0" status="PASS">
          <params>
            <param index="0">
              <value>
                <![CDATA[9.0]]>
              </value>
            </param>
            <param index="1">
              <value>
                <![CDATA[3.0]]>
              </value>
            </param>
            <param index="2">
              <value>
                <![CDATA[27.0]]>
              </value>
            </param>
          </params>
          <reporter-output>
          </reporter-output>
        </test-method> <!-- testeMultiplicarJson -->
        <test-method signature="testeMultiplicarJson(double,double,double)[pri:0, instance:juntos.Calculadora3Test@69379752]" started-at="2023-06-02T00:15:26 BRT" name="testeMultiplicarJson" data-provider="jsonData" finished-at="2023-06-02T00:15:26 BRT" duration-ms="0" status="PASS">
          <params>
            <param index="0">
              <value>
                <![CDATA[7.0]]>
              </value>
            </param>
            <param index="1">
              <value>
                <![CDATA[7.0]]>
              </value>
            </param>
            <param index="2">
              <value>
                <![CDATA[49.0]]>
              </value>
            </param>
          </params>
          <reporter-output>
          </reporter-output>
        </test-method> <!-- testeMultiplicarJson -->
        <test-method signature="testeMultiplicarJson(double,double,double)[pri:0, instance:juntos.Calculadora3Test@69379752]" started-at="2023-06-02T00:15:26 BRT" name="testeMultiplicarJson" data-provider="jsonData" finished-at="2023-06-02T00:15:26 BRT" duration-ms="0" status="PASS">
          <params>
            <param index="0">
              <value>
                <![CDATA[6.0]]>
              </value>
            </param>
            <param index="1">
              <value>
                <![CDATA[6.0]]>
              </value>
            </param>
            <param index="2">
              <value>
                <![CDATA[36.0]]>
              </value>
            </param>
          </params>
          <reporter-output>
          </reporter-output>
        </test-method> <!-- testeMultiplicarJson -->
        <test-method signature="testeMultiplicarJson(double,double,double)[pri:0, instance:juntos.Calculadora3Test@69379752]" started-at="2023-06-02T00:15:26 BRT" name="testeMultiplicarJson" data-provider="jsonData" finished-at="2023-06-02T00:15:26 BRT" duration-ms="0" status="PASS">
          <params>
            <param index="0">
              <value>
                <![CDATA[3.0]]>
              </value>
            </param>
            <param index="1">
              <value>
                <![CDATA[5.0]]>
              </value>
            </param>
            <param index="2">
              <value>
                <![CDATA[15.0]]>
              </value>
            </param>
          </params>
          <reporter-output>
          </reporter-output>
        </test-method> <!-- testeMultiplicarJson -->
        <test-method signature="testeMultiplicarJson(double,double,double)[pri:0, instance:juntos.Calculadora3Test@69379752]" started-at="2023-06-02T00:15:26 BRT" name="testeMultiplicarJson" data-provider="jsonData" finished-at="2023-06-02T00:15:26 BRT" duration-ms="0" status="PASS">
          <params>
            <param index="0">
              <value>
                <![CDATA[4.0]]>
              </value>
            </param>
            <param index="1">
              <value>
                <![CDATA[4.0]]>
              </value>
            </param>
            <param index="2">
              <value>
                <![CDATA[16.0]]>
              </value>
            </param>
          </params>
          <reporter-output>
          </reporter-output>
        </test-method> <!-- testeMultiplicarJson -->
        <test-method signature="testeMultiplicarJson(double,double,double)[pri:0, instance:juntos.Calculadora3Test@69379752]" started-at="2023-06-02T00:15:26 BRT" name="testeMultiplicarJson" data-provider="jsonData" finished-at="2023-06-02T00:15:26 BRT" duration-ms="0" status="PASS">
          <params>
            <param index="0">
              <value>
                <![CDATA[-5.0]]>
              </value>
            </param>
            <param index="1">
              <value>
                <![CDATA[-3.0]]>
              </value>
            </param>
            <param index="2">
              <value>
                <![CDATA[15.0]]>
              </value>
            </param>
          </params>
          <reporter-output>
          </reporter-output>
        </test-method> <!-- testeMultiplicarJson -->
      </class> <!-- juntos.Calculadora3Test -->
    </test> <!-- Command line test -->
  </suite> <!-- Command line suite -->
</testng-results>
